TN:
SF:/Users/danielmoniz/dev/web-components/sayt/groupby/components/gb-base-element.js
FN:2,(anonymous_0)
FNF:1
FNH:1
FNDA:2,(anonymous_0)
DA:3,2
DA:7,2
LF:2
LH:2
BRF:0
BRH:0
end_of_record
TN:
SF:/Users/danielmoniz/dev/web-components/sayt/groupby/components/gb-search.js
FN:6,(anonymous_0)
FN:15,(anonymous_1)
FN:21,(anonymous_2)
FN:25,(anonymous_3)
FN:39,(anonymous_4)
FN:43,(anonymous_5)
FNF:6
FNH:6
FNDA:15,(anonymous_0)
FNDA:3,(anonymous_1)
FNDA:2,(anonymous_2)
FNDA:14,(anonymous_3)
FNDA:13,(anonymous_4)
FNDA:2,(anonymous_5)
DA:7,15
DA:8,15
DA:9,15
DA:10,15
DA:12,15
DA:16,3
DA:17,2
DA:22,2
DA:26,14
DA:28,14
DA:29,14
DA:30,12
DA:32,14
DA:35,14
DA:36,14
DA:40,13
DA:44,2
DA:46,2
DA:49,1
LF:19
LH:19
BRDA:16,0,0,2
BRDA:16,0,1,1
BRDA:29,1,0,12
BRDA:29,1,1,2
BRDA:46,2,0,1
BRDA:46,2,1,1
BRF:6
BRH:6
end_of_record
