TN:
SF:/Users/danielmoniz/dev/web-components/sayt/groupby/components/gb-base-element.js
FN:2,(anonymous_0)
FNF:1
FNH:1
FNDA:2,(anonymous_0)
DA:3,2
DA:7,2
LF:2
LH:2
BRF:0
BRH:0
end_of_record
TN:
SF:/Users/danielmoniz/dev/web-components/sayt/groupby/components/gb-search.js
FN:6,(anonymous_0)
FN:11,(anonymous_1)
FN:20,(anonymous_2)
FN:24,(anonymous_3)
FN:36,(anonymous_4)
FNF:5
FNH:5
FNDA:15,(anonymous_0)
FNDA:3,(anonymous_1)
FNDA:2,(anonymous_2)
FNDA:13,(anonymous_3)
FNDA:1,(anonymous_4)
DA:7,15
DA:8,15
DA:9,15
DA:11,15
DA:12,3
DA:13,3
DA:14,2
DA:15,2
DA:21,2
DA:25,13
DA:26,13
DA:27,12
DA:29,13
DA:32,13
DA:33,13
DA:37,1
LF:16
LH:16
BRDA:13,0,0,2
BRDA:13,0,1,1
BRDA:26,1,0,12
BRDA:26,1,1,1
BRF:4
BRH:4
end_of_record
